2015-05-11 22:56:59.893 friendsonic[60240:978798] DiskCookieStorage changing policy from 2 to 0, cookie file: file:///Users/j/Library/Developer/CoreSimulator/Devices/198F169F-1879-4148-A690-6E898203462B/data/Containers/Data/Application/6A1D405C-BAC9-48E1-A694-60B4E631DB28/Library/Cookies/Cookies.binarycookies
2015-05-11 22:57:00.210 friendsonic[60240:978798] Apache Cordova native platform version 3.8.0 is starting.
2015-05-11 22:57:00.210 friendsonic[60240:978798] Multi-tasking -> Device: YES, App: YES
2015-05-11 22:57:00.239 friendsonic[60240:978798] Unlimited access to network resources
2015-05-11 22:57:00.597 friendsonic[60240:978798] Init FacebookConnect Session
2015-05-11 22:57:00.609 friendsonic[60240:978798] [CDVTimer][facebookconnectplugin] 11.370003ms
2015-05-11 22:57:00.609 friendsonic[60240:978798] [CDVTimer][TotalPluginStartup] 11.937022ms
2015-05-11 22:57:00.866 friendsonic[60240:978798] Resetting plugins due to page load.
2015-05-11 22:57:01.574 friendsonic[60240:978798] Finished load of: file:///Users/j/Library/Developer/CoreSimulator/Devices/198F169F-1879-4148-A690-6E898203462B/data/Containers/Bundle/Application/A990EC11-475A-4B16-8740-925A58E78232/friendsonic.app/www/index.html#/sidemenu/home
2015-05-11 22:58:27.949 friendsonic[60428:980779] DiskCookieStorage changing policy from 2 to 0, cookie file: file:///Users/j/Library/Developer/CoreSimulator/Devices/198F169F-1879-4148-A690-6E898203462B/data/Containers/Data/Application/9CB3CE5D-782E-45E5-9B6B-A2B81925CB23/Library/Cookies/Cookies.binarycookies
2015-05-11 22:58:28.032 friendsonic[60428:980779] Apache Cordova native platform version 3.8.0 is starting.
2015-05-11 22:58:28.032 friendsonic[60428:980779] Multi-tasking -> Device: YES, App: YES
2015-05-11 22:58:28.036 friendsonic[60428:980779] Unlimited access to network resources
2015-05-11 22:58:28.126 friendsonic[60428:980779] Init FacebookConnect Session
2015-05-11 22:58:28.129 friendsonic[60428:980779] [CDVTimer][facebookconnectplugin] 2.979040ms
2015-05-11 22:58:28.129 friendsonic[60428:980779] [CDVTimer][TotalPluginStartup] 3.120005ms
2015-05-11 22:58:28.201 friendsonic[60428:980779] Resetting plugins due to page load.
2015-05-11 22:58:28.589 friendsonic[60428:980779] Finished load of: file:///Users/j/Library/Developer/CoreSimulator/Devices/198F169F-1879-4148-A690-6E898203462B/data/Containers/Bundle/Application/21DA43E6-5799-435D-8CA0-DFBBACFBE437/friendsonic.app/www/index.html#/login
2015-05-11 22:58:29.948 friendsonic[60428:980779] -[__NSDictionaryM objectAtIndex:]: unrecognized selector sent to instance 0x7a786160
2015-05-11 22:58:29.955 friendsonic[60428:980779] *** WebKit discarded an uncaught exception in the webView:decidePolicyForNavigationAction:request:frame:decisionListener: delegate: <NSInvalidArgumentException> -[__NSDictionaryM objectAtIndex:]: unrecognized selector sent to instance 0x7a786160
2015-05-11 22:58:47.991 friendsonic[60428:980779] -[__NSDictionaryM objectAtIndex:]: unrecognized selector sent to instance 0x7a78b580
2015-05-11 22:58:47.991 friendsonic[60428:980779] *** WebKit discarded an uncaught exception in the webView:decidePolicyForNavigationAction:request:frame:decisionListener: delegate: <NSInvalidArgumentException> -[__NSDictionaryM objectAtIndex:]: unrecognized selector sent to instance 0x7a78b580
2015-05-11 23:01:30.769 friendsonic[60428:984402] Terminating since there is no system app.
2015-05-11 23:01:44.742 friendsonic[60680:985214] DiskCookieStorage changing policy from 2 to 0, cookie file: file:///Users/j/Library/Developer/CoreSimulator/Devices/198F169F-1879-4148-A690-6E898203462B/data/Containers/Data/Application/B8870F79-60C6-424D-A0AA-F5549CF18061/Library/Cookies/Cookies.binarycookies
2015-05-11 23:01:44.813 friendsonic[60680:985214] Apache Cordova native platform version 3.8.0 is starting.
2015-05-11 23:01:44.813 friendsonic[60680:985214] Multi-tasking -> Device: YES, App: YES
2015-05-11 23:01:44.815 friendsonic[60680:985214] Unlimited access to network resources
2015-05-11 23:01:44.882 friendsonic[60680:985214] Init FacebookConnect Session
2015-05-11 23:01:44.885 friendsonic[60680:985214] [CDVTimer][facebookconnectplugin] 3.256023ms
2015-05-11 23:01:44.885 friendsonic[60680:985214] [CDVTimer][TotalPluginStartup] 3.412962ms
2015-05-11 23:01:44.946 friendsonic[60680:985214] Resetting plugins due to page load.
2015-05-11 23:01:45.401 friendsonic[60680:985214] Finished load of: file:///Users/j/Library/Developer/CoreSimulator/Devices/198F169F-1879-4148-A690-6E898203462B/data/Containers/Bundle/Application/CF0744A7-AE51-4E71-8BF7-B013D4893932/friendsonic.app/www/index.html#/login
2015-05-11 23:02:16.833 friendsonic[60680:985214] -[__NSDictionaryM objectAtIndex:]: unrecognized selector sent to instance 0x7c1d29c0
2015-05-11 23:02:16.834 friendsonic[60680:985214] *** WebKit discarded an uncaught exception in the webView:decidePolicyForNavigationAction:request:frame:decisionListener: delegate: <NSInvalidArgumentException> -[__NSDictionaryM objectAtIndex:]: unrecognized selector sent to instance 0x7c1d29c0
2015-05-11 23:04:25.542 friendsonic[60680:988049] Communications error: <OS_xpc_error: <error: 0x32025f4> { count = 1, contents =
	"XPCErrorDescription" => <string: 0x320283c> { length = 22, contents = "Connection interrupted" }
}>
2015-05-11 23:05:47.533 friendsonic[60977:989903] DiskCookieStorage changing policy from 2 to 0, cookie file: file:///Users/j/Library/Developer/CoreSimulator/Devices/198F169F-1879-4148-A690-6E898203462B/data/Containers/Data/Application/20A125B1-36FA-4E12-868F-2E554E6A4AF9/Library/Cookies/Cookies.binarycookies
2015-05-11 23:05:47.607 friendsonic[60977:989903] Apache Cordova native platform version 3.8.0 is starting.
2015-05-11 23:05:47.607 friendsonic[60977:989903] Multi-tasking -> Device: YES, App: YES
2015-05-11 23:05:47.609 friendsonic[60977:989903] Unlimited access to network resources
2015-05-11 23:05:47.685 friendsonic[60977:989903] Init FacebookConnect Session
2015-05-11 23:05:47.688 friendsonic[60977:989903] [CDVTimer][facebookconnectplugin] 3.768027ms
2015-05-11 23:05:47.688 friendsonic[60977:989903] [CDVTimer][TotalPluginStartup] 3.906012ms
2015-05-11 23:05:47.753 friendsonic[60977:989903] Resetting plugins due to page load.
2015-05-11 23:05:48.195 friendsonic[60977:989903] Finished load of: file:///Users/j/Library/Developer/CoreSimulator/Devices/198F169F-1879-4148-A690-6E898203462B/data/Containers/Bundle/Application/5F918409-6C6D-47A4-B445-1AFBD982FA0F/friendsonic.app/www/index.html#/login
2015-05-11 23:05:56.867 friendsonic[60977:989903] -[__NSDictionaryM objectAtIndex:]: unrecognized selector sent to instance 0x797c2e40
2015-05-11 23:05:56.868 friendsonic[60977:989903] *** WebKit discarded an uncaught exception in the webView:decidePolicyForNavigationAction:request:frame:decisionListener: delegate: <NSInvalidArgumentException> -[__NSDictionaryM objectAtIndex:]: unrecognized selector sent to instance 0x797c2e40
2015-05-11 23:06:16.274 friendsonic[60977:989903] -[__NSDictionaryM objectAtIndex:]: unrecognized selector sent to instance 0x796e09e0
2015-05-11 23:06:16.275 friendsonic[60977:989903] *** WebKit discarded an uncaught exception in the webView:decidePolicyForNavigationAction:request:frame:decisionListener: delegate: <NSInvalidArgumentException> -[__NSDictionaryM objectAtIndex:]: unrecognized selector sent to instance 0x796e09e0
2015-05-12 12:14:09.262 friendsonic[91246:1187140] DiskCookieStorage changing policy from 2 to 0, cookie file: file:///Users/j/Library/Developer/CoreSimulator/Devices/198F169F-1879-4148-A690-6E898203462B/data/Containers/Data/Application/8799D302-EABB-4CD0-82EC-86E5AA195354/Library/Cookies/Cookies.binarycookies
2015-05-12 12:14:09.348 friendsonic[91246:1187140] Apache Cordova native platform version 3.8.0 is starting.
2015-05-12 12:14:09.349 friendsonic[91246:1187140] Multi-tasking -> Device: YES, App: YES
2015-05-12 12:14:09.351 friendsonic[91246:1187140] Unlimited access to network resources
2015-05-12 12:14:09.423 friendsonic[91246:1187140] Init FacebookConnect Session
2015-05-12 12:14:09.426 friendsonic[91246:1187140] [CDVTimer][facebookconnectplugin] 2.587020ms
2015-05-12 12:14:09.426 friendsonic[91246:1187140] [CDVTimer][TotalPluginStartup] 2.734005ms
2015-05-12 12:14:09.498 friendsonic[91246:1187140] Resetting plugins due to page load.
2015-05-12 12:14:09.983 friendsonic[91246:1187140] Finished load of: file:///Users/j/Library/Developer/CoreSimulator/Devices/198F169F-1879-4148-A690-6E898203462B/data/Containers/Bundle/Application/4F0346CE-4BCC-4884-8424-1DE62AB01818/friendsonic.app/www/index.html#/sidemenu/home
2015-05-13 09:28:42.048 friendsonic[76792:1459232] DiskCookieStorage changing policy from 2 to 0, cookie file: file:///Users/j/Library/Developer/CoreSimulator/Devices/198F169F-1879-4148-A690-6E898203462B/data/Containers/Data/Application/49EBC5ED-B36E-4E22-89FA-6BEECFFC05B3/Library/Cookies/Cookies.binarycookies
2015-05-13 09:28:42.315 friendsonic[76792:1459232] Apache Cordova native platform version 3.8.0 is starting.
2015-05-13 09:28:42.316 friendsonic[76792:1459232] Multi-tasking -> Device: YES, App: YES
2015-05-13 09:28:42.329 friendsonic[76792:1459232] Unlimited access to network resources
2015-05-13 09:28:42.657 friendsonic[76792:1459232] Init FacebookConnect Session
2015-05-13 09:28:42.667 friendsonic[76792:1459232] [CDVTimer][facebookconnectplugin] 9.566009ms
2015-05-13 09:28:42.667 friendsonic[76792:1459232] [CDVTimer][TotalPluginStartup] 10.109007ms
2015-05-13 09:28:42.918 friendsonic[76792:1459232] Resetting plugins due to page load.
2015-05-13 09:28:43.376 friendsonic[76792:1459232] Finished load of: file:///Users/j/Library/Developer/CoreSimulator/Devices/198F169F-1879-4148-A690-6E898203462B/data/Containers/Bundle/Application/B7CC0848-ACC1-4CFF-AFAE-17739B48CD14/friendsonic.app/www/index.html#/sidemenu/home
2015-05-13 09:29:06.279 friendsonic[77209:1460150] DiskCookieStorage changing policy from 2 to 0, cookie file: file:///Users/j/Library/Developer/CoreSimulator/Devices/198F169F-1879-4148-A690-6E898203462B/data/Containers/Data/Application/2D5FF443-C853-4DE4-B36D-30C82AEFB21D/Library/Cookies/Cookies.binarycookies
2015-05-13 09:29:06.404 friendsonic[77209:1460150] Apache Cordova native platform version 3.8.0 is starting.
2015-05-13 09:29:06.404 friendsonic[77209:1460150] Multi-tasking -> Device: YES, App: YES
2015-05-13 09:29:06.408 friendsonic[77209:1460150] Unlimited access to network resources
2015-05-13 09:29:06.492 friendsonic[77209:1460150] Init FacebookConnect Session
2015-05-13 09:29:06.496 friendsonic[77209:1460150] [CDVTimer][facebookconnectplugin] 3.346026ms
2015-05-13 09:29:06.496 friendsonic[77209:1460150] [CDVTimer][TotalPluginStartup] 3.586948ms
2015-05-13 09:29:06.548 friendsonic[77209:1460150] Resetting plugins due to page load.
2015-05-13 09:29:06.994 friendsonic[77209:1460150] Finished load of: file:///Users/j/Library/Developer/CoreSimulator/Devices/198F169F-1879-4148-A690-6E898203462B/data/Containers/Bundle/Application/D141876E-8C64-4394-A644-D0F0C28492F6/friendsonic.app/www/index.html#/sidemenu/home
2015-05-13 09:29:13.296 friendsonic[77209:1460155] Terminating since there is no system app.
2015-06-01 23:27:10.150 friendsonic[12263:835021] DiskCookieStorage changing policy from 2 to 0, cookie file: file:///Users/j/Library/Developer/CoreSimulator/Devices/198F169F-1879-4148-A690-6E898203462B/data/Containers/Data/Application/CA43EA86-FB08-4B0B-8C6F-F1ABA6610A1D/Library/Cookies/Cookies.binarycookies
2015-06-01 23:27:10.390 friendsonic[12263:835021] Apache Cordova native platform version 3.8.0 is starting.
2015-06-01 23:27:10.390 friendsonic[12263:835021] Multi-tasking -> Device: YES, App: YES
2015-06-01 23:27:10.404 friendsonic[12263:835021] Unlimited access to network resources
2015-06-01 23:27:10.693 friendsonic[12263:835021] Init FacebookConnect Session
2015-06-01 23:27:10.703 friendsonic[12263:835021] [CDVTimer][facebookconnectplugin] 8.696020ms
2015-06-01 23:27:10.703 friendsonic[12263:835021] [CDVTimer][TotalPluginStartup] 9.338975ms
2015-06-01 23:27:10.948 friendsonic[12263:835021] Resetting plugins due to page load.
2015-06-01 23:27:11.433 friendsonic[12263:835021] Finished load of: file:///Users/j/Library/Developer/CoreSimulator/Devices/198F169F-1879-4148-A690-6E898203462B/data/Containers/Bundle/Application/9794E635-69F8-472C-A7EB-348FB38C2AD6/friendsonic.app/www/index.html
2015-06-17 21:13:33.961 friendsonic[73299:4685195] DiskCookieStorage changing policy from 2 to 0, cookie file: file:///Users/j/Library/Developer/CoreSimulator/Devices/198F169F-1879-4148-A690-6E898203462B/data/Containers/Data/Application/674B6F9B-8A5A-4A44-8628-A921D6E2E876/Library/Cookies/Cookies.binarycookies
2015-06-17 21:13:34.073 friendsonic[73299:4685195] Apache Cordova native platform version 3.8.0 is starting.
2015-06-17 21:13:34.073 friendsonic[73299:4685195] Multi-tasking -> Device: YES, App: YES
2015-06-17 21:13:34.077 friendsonic[73299:4685195] Unlimited access to network resources
2015-06-17 21:13:34.186 friendsonic[73299:4685195] Init FacebookConnect Session
2015-06-17 21:13:34.191 friendsonic[73299:4685195] [CDVTimer][facebookconnectplugin] 4.514992ms
2015-06-17 21:13:34.191 friendsonic[73299:4685195] [CDVTimer][TotalPluginStartup] 4.698038ms
2015-06-17 21:13:34.295 friendsonic[73299:4685195] Resetting plugins due to page load.
2015-06-17 21:13:34.849 friendsonic[73299:4685195] Finished load of: file:///Users/j/Library/Developer/CoreSimulator/Devices/198F169F-1879-4148-A690-6E898203462B/data/Containers/Bundle/Application/43B60344-9F67-46C9-90AD-E86212ECEFEC/friendsonic.app/www/index.html#/sidemenu/home
2015-06-17 21:13:39.209 friendsonic[73299:4685195] THREAD WARNING: ['FacebookConnectPlugin'] took '68.260742' ms. Plugin should use a background thread.
2015-08-27 21:58:40.943 friendsonic[13729:955522] DiskCookieStorage changing policy from 2 to 0, cookie file: file:///Users/j/Library/Developer/CoreSimulator/Devices/C79F4D6D-AD51-40C7-86D7-1F24587B66DA/data/Containers/Data/Application/937BF5D2-F019-4864-A123-64C0A928D4F7/Library/Cookies/Cookies.binarycookies
2015-08-27 21:58:41.158 friendsonic[13729:955522] Apache Cordova native platform version 3.8.0 is starting.
2015-08-27 21:58:41.159 friendsonic[13729:955522] Multi-tasking -> Device: YES, App: YES
2015-08-27 21:58:41.173 friendsonic[13729:955522] Unlimited access to network resources
2015-08-27 21:58:41.454 friendsonic[13729:955522] Init FacebookConnect Session
2015-08-27 21:58:41.463 friendsonic[13729:955522] [CDVTimer][facebookconnectplugin] 8.565962ms
2015-08-27 21:58:41.463 friendsonic[13729:955522] [CDVTimer][TotalPluginStartup] 9.270012ms
2015-08-27 21:58:41.924 friendsonic[13729:955522] Resetting plugins due to page load.
2015-08-27 21:58:42.483 friendsonic[13729:955522] Finished load of: file:///Users/j/Library/Developer/CoreSimulator/Devices/C79F4D6D-AD51-40C7-86D7-1F24587B66DA/data/Containers/Bundle/Application/A70C9BA8-F119-4DBB-B731-20777186802F/friendsonic.app/www/index.html#/login
2015-08-27 21:59:06.155 friendsonic[13729:955522] THREAD WARNING: ['FacebookConnectPlugin'] took '38.928223' ms. Plugin should use a background thread.
2015-08-27 23:36:51.648 friendsonic[14468:984261] DiskCookieStorage changing policy from 2 to 0, cookie file: file:///Users/j/Library/Developer/CoreSimulator/Devices/C79F4D6D-AD51-40C7-86D7-1F24587B66DA/data/Containers/Data/Application/ED6FA959-A6B5-44DB-BCED-0408D9AE5F44/Library/Cookies/Cookies.binarycookies
2015-08-27 23:36:51.943 friendsonic[14468:984261] Apache Cordova native platform version 3.8.0 is starting.
2015-08-27 23:36:51.943 friendsonic[14468:984261] Multi-tasking -> Device: YES, App: YES
2015-08-27 23:36:51.959 friendsonic[14468:984261] Unlimited access to network resources
2015-08-27 23:36:52.265 friendsonic[14468:984261] Init FacebookConnect Session
2015-08-27 23:36:52.280 friendsonic[14468:984261] [CDVTimer][facebookconnectplugin] 14.945984ms
2015-08-27 23:36:52.280 friendsonic[14468:984261] [CDVTimer][TotalPluginStartup] 15.527010ms
2015-08-27 23:36:52.552 friendsonic[14468:984261] Resetting plugins due to page load.
2015-08-27 23:36:54.106 friendsonic[14468:984261] Finished load of: file:///Users/j/Library/Developer/CoreSimulator/Devices/C79F4D6D-AD51-40C7-86D7-1F24587B66DA/data/Containers/Bundle/Application/BFF728CF-6137-4296-9D44-A96C5E0ACE35/friendsonic.app/www/index.html#/login
2015-08-27 23:36:56.458 friendsonic[14468:984261] THREAD WARNING: ['FacebookConnectPlugin'] took '40.097900' ms. Plugin should use a background thread.
2015-08-27 23:38:01.986 friendsonic[14677:985740] DiskCookieStorage changing policy from 2 to 0, cookie file: file:///Users/j/Library/Developer/CoreSimulator/Devices/C79F4D6D-AD51-40C7-86D7-1F24587B66DA/data/Containers/Data/Application/60E19D77-0C9F-4462-8293-E35A6C497497/Library/Cookies/Cookies.binarycookies
2015-08-27 23:38:02.049 friendsonic[14677:985740] Apache Cordova native platform version 3.8.0 is starting.
2015-08-27 23:38:02.050 friendsonic[14677:985740] Multi-tasking -> Device: YES, App: YES
2015-08-27 23:38:02.052 friendsonic[14677:985740] Unlimited access to network resources
2015-08-27 23:38:02.121 friendsonic[14677:985740] Init FacebookConnect Session
2015-08-27 23:38:02.124 friendsonic[14677:985740] [CDVTimer][facebookconnectplugin] 2.572000ms
2015-08-27 23:38:02.124 friendsonic[14677:985740] [CDVTimer][TotalPluginStartup] 2.710998ms
2015-08-27 23:38:02.204 friendsonic[14677:985740] Resetting plugins due to page load.
2015-08-27 23:38:08.245 friendsonic[14677:985740] Finished load of: file:///Users/j/Library/Developer/CoreSimulator/Devices/C79F4D6D-AD51-40C7-86D7-1F24587B66DA/data/Containers/Bundle/Application/61FE3B9A-7B8A-4DBE-A90F-3A8E1A3C2C36/friendsonic.app/www/index.html#/login
2015-08-27 23:39:36.374 friendsonic[14677:986826] Terminating since there is no system app.
2015-08-28 08:36:53.886 friendsonic[15199:1005058] DiskCookieStorage changing policy from 2 to 0, cookie file: file:///Users/j/Library/Developer/CoreSimulator/Devices/C79F4D6D-AD51-40C7-86D7-1F24587B66DA/data/Containers/Data/Application/2DD96462-FBA1-4071-A974-10A48BA18F26/Library/Cookies/Cookies.binarycookies
2015-08-28 08:36:54.043 friendsonic[15199:1005058] Apache Cordova native platform version 3.8.0 is starting.
2015-08-28 08:36:54.043 friendsonic[15199:1005058] Multi-tasking -> Device: YES, App: YES
2015-08-28 08:36:54.056 friendsonic[15199:1005058] Unlimited access to network resources
2015-08-28 08:36:54.176 friendsonic[15199:1005058] Init FacebookConnect Session
2015-08-28 08:36:54.203 friendsonic[15199:1005058] [CDVTimer][facebookconnectplugin] 23.379028ms
2015-08-28 08:36:54.204 friendsonic[15199:1005058] [CDVTimer][TotalPluginStartup] 27.958035ms
2015-08-28 08:36:54.463 friendsonic[15199:1005058] Resetting plugins due to page load.
2015-08-28 08:36:54.943 friendsonic[15199:1005058] Finished load of: file:///Users/j/Library/Developer/CoreSimulator/Devices/C79F4D6D-AD51-40C7-86D7-1F24587B66DA/data/Containers/Bundle/Application/D7825DFD-7F1C-44F0-9152-9397EBDBD939/friendsonic.app/www/index.html#/login
2015-08-28 08:36:57.677 friendsonic[15199:1005058] THREAD WARNING: ['FacebookConnectPlugin'] took '115.802979' ms. Plugin should use a background thread.
2015-08-28 11:46:42.529 friendsonic[15199:1005058] THREAD WARNING: ['FacebookConnectPlugin'] took '12.859863' ms. Plugin should use a background thread.
2015-08-28 11:47:37.112 friendsonic[15199:1005058] THREAD WARNING: ['FacebookConnectPlugin'] took '12.435059' ms. Plugin should use a background thread.
2015-08-28 11:52:59.358 friendsonic[15199:1005058] THREAD WARNING: ['FacebookConnectPlugin'] took '11.446045' ms. Plugin should use a background thread.
2015-08-28 11:55:29.772 friendsonic[15199:1005058] THREAD WARNING: ['FacebookConnectPlugin'] took '12.645020' ms. Plugin should use a background thread.
2015-08-28 11:55:36.174 friendsonic[15199:1005058] THREAD WARNING: ['FacebookConnectPlugin'] took '11.324219' ms. Plugin should use a background thread.
2015-08-28 11:56:26.633 friendsonic[15199:1005058] THREAD WARNING: ['FacebookConnectPlugin'] took '11.267822' ms. Plugin should use a background thread.
2015-08-28 11:57:01.088 friendsonic[15199:1096332] Terminating since there is no system app.
2015-08-28 11:57:23.985 friendsonic[17025:1097429] DiskCookieStorage changing policy from 2 to 0, cookie file: file:///Users/j/Library/Developer/CoreSimulator/Devices/C79F4D6D-AD51-40C7-86D7-1F24587B66DA/data/Containers/Data/Application/0B0351A8-0ED8-45A8-B667-A9E1828A96B0/Library/Cookies/Cookies.binarycookies
2015-08-28 11:57:24.095 friendsonic[17025:1097429] Apache Cordova native platform version 3.8.0 is starting.
2015-08-28 11:57:24.096 friendsonic[17025:1097429] Multi-tasking -> Device: YES, App: YES
2015-08-28 11:57:24.098 friendsonic[17025:1097429] Unlimited access to network resources
2015-08-28 11:57:24.191 friendsonic[17025:1097429] Init FacebookConnect Session
2015-08-28 11:57:24.198 friendsonic[17025:1097429] [CDVTimer][facebookconnectplugin] 7.050991ms
2015-08-28 11:57:24.198 friendsonic[17025:1097429] [CDVTimer][TotalPluginStartup] 7.280946ms
2015-08-28 11:57:24.286 friendsonic[17025:1097429] Resetting plugins due to page load.
2015-08-28 11:57:24.763 friendsonic[17025:1097429] Finished load of: file:///Users/j/Library/Developer/CoreSimulator/Devices/C79F4D6D-AD51-40C7-86D7-1F24587B66DA/data/Containers/Bundle/Application/1D5EA743-81BA-4D00-93A5-4136C99C7FC6/friendsonic.app/www/index.html#/login
2015-08-28 11:57:25.927 friendsonic[17025:1097429] THREAD WARNING: ['FacebookConnectPlugin'] took '54.965820' ms. Plugin should use a background thread.
2015-09-01 10:38:20.641 friendsonic[17025:2193604] Terminating since there is no system app.
2015-09-01 21:22:12.434 friendsonic[41655:2405921] Apache Cordova native platform version 3.8.0 is starting.
2015-09-01 21:22:12.436 friendsonic[41655:2405921] Multi-tasking -> Device: YES, App: YES
2015-09-01 21:22:12.454 friendsonic[41655:2405921] Unlimited access to network resources
2015-09-01 21:22:12.786 friendsonic[41655:2405921] Init FacebookConnect Session
2015-09-01 21:22:12.817 friendsonic[41655:2405921] [CDVTimer][facebookconnectplugin] 30.502975ms
2015-09-01 21:22:12.818 friendsonic[41655:2405921] [CDVTimer][TotalPluginStartup] 31.473994ms
2015-09-01 21:22:13.117 friendsonic[41655:2405921] Resetting plugins due to page load.
2015-09-01 21:22:13.616 friendsonic[41655:2405921] Finished load of: file:///Users/j/Library/Developer/CoreSimulator/Devices/C79F4D6D-AD51-40C7-86D7-1F24587B66DA/data/Containers/Bundle/Application/51C79717-2469-472E-B5E3-C6C73895D318/friendsonic.app/www/index.html#/login
